<?xml version="1.0" encoding="UTF-8"?>
<!-- Generated by org.testng.reporters.JUnitXMLReporter -->
<testsuite ignored="0" hostname="LAPTOP-V17Q6KVC" failures="0" tests="3" name="Default test" time="3.163" errors="0" timestamp="2023-09-29T09:46:43 IST">
  <testcase classname="day1.HttpRequest" name="getusers" time="2.07"/>
  <testcase classname="day1.HttpRequest" name="creteUser" time="0.671"/>
  <testcase classname="day1.HttpRequest" name="updateUser" time="0.357"/>
</testsuite> <!-- Default test -->
