<?xml version="1.0" encoding="UTF-8"?>
<testng-results ignored="0" total="3" passed="3" failed="0" skipped="0">
  <reporter-output>
  </reporter-output>
  <suite started-at="2023-09-29T09:46:40 IST" name="Default suite" finished-at="2023-09-29T09:46:43 IST" duration-ms="3163">
    <groups>
    </groups>
    <test started-at="2023-09-29T09:46:40 IST" name="Default test" finished-at="2023-09-29T09:46:43 IST" duration-ms="3163">
      <class name="day1.HttpRequest">
        <test-method signature="getusers()[pri:1, instance:day1.HttpRequest@36916eb0]" started-at="2023-09-29T09:46:40 IST" name="getusers" finished-at="2023-09-29T09:46:42 IST" duration-ms="2070" status="PASS">
          <reporter-output>
          </reporter-output>
        </test-method> <!-- getusers -->
        <test-method signature="creteUser()[pri:2, instance:day1.HttpRequest@36916eb0]" started-at="2023-09-29T09:46:42 IST" name="creteUser" finished-at="2023-09-29T09:46:43 IST" duration-ms="671" status="PASS">
          <reporter-output>
          </reporter-output>
        </test-method> <!-- creteUser -->
        <test-method signature="updateUser()[pri:3, instance:day1.HttpRequest@36916eb0]" started-at="2023-09-29T09:46:43 IST" name="updateUser" finished-at="2023-09-29T09:46:43 IST" duration-ms="357" status="PASS">
          <reporter-output>
          </reporter-output>
        </test-method> <!-- updateUser -->
      </class> <!-- day1.HttpRequest -->
    </test> <!-- Default test -->
  </suite> <!-- Default suite -->
</testng-results>
